<?xml version="1.0" encoding="UTF-8"?>
<!-- Generated by org.testng.reporters.JUnitReportReporter -->
<testsuite hostname="DESKTOP-QLSIQ3F" failures="0" tests="1" name="testNG.RegisterDummyTest" time="0.001" errors="0" timestamp="2022-08-19T12:59:02 IST" skipped="0">
  <testcase classname="testNG.RegisterDummyTest" name="verifyRegisterTest" time="0.001"/>
  <system-out/>
</testsuite> <!-- testNG.RegisterDummyTest -->
