<?xml version="1.0" encoding="UTF-8"?>
<!-- Generated by org.testng.reporters.JUnitReportReporter -->
<testsuite hostname="DESKTOP-QLSIQ3F" failures="0" tests="1" name="org.practice.OrdersDummyTest" time="0.008" errors="0" timestamp="2022-08-19T12:59:02 IST" skipped="0">
  <testcase classname="org.practice.OrdersDummyTest" name="verifyOrderTest" time="0.008"/>
  <system-out/>
</testsuite> <!-- org.practice.OrdersDummyTest -->
