<?xml version="1.0" encoding="UTF-8"?>
<!-- Generated by org.testng.reporters.JUnitReportReporter -->
<testsuite hostname="DESKTOP-QLSIQ3F" failures="0" tests="1" name="testNG.LogoutDummyTest" time="0.000" errors="0" timestamp="2022-08-19T12:59:02 IST" skipped="0">
  <testcase classname="testNG.LogoutDummyTest" name="verifyLogoutTest" time="0.000"/>
  <system-out/>
</testsuite> <!-- testNG.LogoutDummyTest -->
