<?xml version="1.0" encoding="UTF-8"?>
<!-- Generated by org.testng.reporters.JUnitReportReporter -->
<testsuite hostname="DESKTOP-QLSIQ3F" failures="0" tests="3" name="com.goPuff.practice.PriorityTest" time="0.009" errors="0" timestamp="2022-08-16T11:19:47 IST" skipped="0">
  <testcase classname="com.goPuff.practice.PriorityTest" name="Verify_and_test_Cuisines_using_Paypal_Payment_option" time="0.007"/>
  <system-out/>
  <testcase classname="com.goPuff.practice.PriorityTest" name="Verify_the_Phonenumber_textfield_with_ValidData" time="0.001"/>
  <system-out/>
  <testcase classname="com.goPuff.practice.PriorityTest" name="Verify_the_Phonenumber_textfield_with_InvalidData" time="0.001"/>
  <system-out/>
</testsuite> <!-- com.goPuff.practice.PriorityTest -->
