<?xml version="1.0" encoding="UTF-8"?>
<!-- Generated by org.testng.reporters.JUnitReportReporter -->
<testsuite hostname="DESKTOP-QLSIQ3F" failures="0" tests="1" name="com.goPuff.practice.DataProvider$DataProvide" time="0.000" errors="0" timestamp="2022-08-17T10:25:33 IST" skipped="1">
  <testcase classname="com.goPuff.practice.DataProvider$DataProvide" name="orderFood" time="0.000">
    <skipped/>
  </testcase> <!-- orderFood -->
  <system-out/>
</testsuite> <!-- com.goPuff.practice.DataProvider$DataProvide -->
